C:\USERS\BHARGAV\DOCUMENTS\VISUAL STUDIO 2012\PROJECTS\MRND-30.09.15\REVERSE A BLOCK OF A ARRAY\REVERSE A BLOCK OF A ARRAY\DEBUG\METHOD1.OBJ
C:\USERS\BHARGAV\DOCUMENTS\VISUAL STUDIO 2012\PROJECTS\MRND-30.09.15\REVERSE A BLOCK OF A ARRAY\REVERSE A BLOCK OF A ARRAY\DEBUG\VC110.PDB
C:\USERS\BHARGAV\DOCUMENTS\VISUAL STUDIO 2012\PROJECTS\MRND-30.09.15\REVERSE A BLOCK OF A ARRAY\DEBUG\REVERSE A BLOCK OF A ARRAY.ILK
C:\USERS\BHARGAV\DOCUMENTS\VISUAL STUDIO 2012\PROJECTS\MRND-30.09.15\REVERSE A BLOCK OF A ARRAY\DEBUG\REVERSE A BLOCK OF A ARRAY.EXE
C:\USERS\BHARGAV\DOCUMENTS\VISUAL STUDIO 2012\PROJECTS\MRND-30.09.15\REVERSE A BLOCK OF A ARRAY\DEBUG\REVERSE A BLOCK OF A ARRAY.PDB
C:\Users\Bhargav\Documents\Visual Studio 2012\Projects\MRND-30.09.15\Reverse a Block of a Array\Reverse a Block of a Array\Debug\method1.obj
C:\Users\Bhargav\Documents\Visual Studio 2012\Projects\MRND-30.09.15\Reverse a Block of a Array\Reverse a Block of a Array\Debug\Source.obj
C:\Users\Bhargav\Documents\Visual Studio 2012\Projects\MRND-30.09.15\Reverse a Block of a Array\Reverse a Block of a Array\Debug\cl.command.1.tlog
C:\Users\Bhargav\Documents\Visual Studio 2012\Projects\MRND-30.09.15\Reverse a Block of a Array\Reverse a Block of a Array\Debug\CL.read.1.tlog
C:\Users\Bhargav\Documents\Visual Studio 2012\Projects\MRND-30.09.15\Reverse a Block of a Array\Reverse a Block of a Array\Debug\CL.write.1.tlog
C:\Users\Bhargav\Documents\Visual Studio 2012\Projects\MRND-30.09.15\Reverse a Block of a Array\Reverse a Block of a Array\Debug\link-cvtres.read.1.tlog
C:\Users\Bhargav\Documents\Visual Studio 2012\Projects\MRND-30.09.15\Reverse a Block of a Array\Reverse a Block of a Array\Debug\link-cvtres.write.1.tlog
C:\Users\Bhargav\Documents\Visual Studio 2012\Projects\MRND-30.09.15\Reverse a Block of a Array\Reverse a Block of a Array\Debug\link-rc.read.1.tlog
C:\Users\Bhargav\Documents\Visual Studio 2012\Projects\MRND-30.09.15\Reverse a Block of a Array\Reverse a Block of a Array\Debug\link-rc.write.1.tlog
C:\Users\Bhargav\Documents\Visual Studio 2012\Projects\MRND-30.09.15\Reverse a Block of a Array\Reverse a Block of a Array\Debug\link.command.1.tlog
C:\Users\Bhargav\Documents\Visual Studio 2012\Projects\MRND-30.09.15\Reverse a Block of a Array\Reverse a Block of a Array\Debug\link.read.1.tlog
C:\Users\Bhargav\Documents\Visual Studio 2012\Projects\MRND-30.09.15\Reverse a Block of a Array\Reverse a Block of a Array\Debug\link.write.1.tlog
C:\Users\Bhargav\Documents\Visual Studio 2012\Projects\MRND-30.09.15\Reverse a Block of a Array\Reverse a Block of a Array\Debug\vc110.idb
C:\Users\Bhargav\Documents\Visual Studio 2012\Projects\MRND-30.09.15\Reverse a Block of a Array\Reverse a Block of a Array\Debug\vc110.pdb
C:\Users\Bhargav\Documents\Visual Studio 2012\Projects\MRND-30.09.15\Reverse a Block of a Array\Debug\Reverse a Block of a Array.pdb
C:\Users\Bhargav\Documents\Visual Studio 2012\Projects\MRND-30.09.15\Reverse a Block of a Array\Debug\Reverse a Block of a Array.exe
C:\Users\Bhargav\Documents\Visual Studio 2012\Projects\MRND-30.09.15\Reverse a Block of a Array\Debug\Reverse a Block of a Array.ilk
