C:\USERS\BHARGAV\DOCUMENTS\VISUAL STUDIO 2012\PROJECTS\MRND-30.09.15\GREATEST NUMBER IN GIVEN STRING\GREATEST NUMBER IN GIVEN STRING\DEBUG\METHOD1.OBJ
C:\USERS\BHARGAV\DOCUMENTS\VISUAL STUDIO 2012\PROJECTS\MRND-30.09.15\GREATEST NUMBER IN GIVEN STRING\GREATEST NUMBER IN GIVEN STRING\DEBUG\METHOD2.OBJ
C:\USERS\BHARGAV\DOCUMENTS\VISUAL STUDIO 2012\PROJECTS\MRND-30.09.15\GREATEST NUMBER IN GIVEN STRING\GREATEST NUMBER IN GIVEN STRING\DEBUG\VC110.PDB
C:\USERS\BHARGAV\DOCUMENTS\VISUAL STUDIO 2012\PROJECTS\MRND-30.09.15\GREATEST NUMBER IN GIVEN STRING\DEBUG\GREATEST NUMBER IN GIVEN STRING.ILK
C:\USERS\BHARGAV\DOCUMENTS\VISUAL STUDIO 2012\PROJECTS\MRND-30.09.15\GREATEST NUMBER IN GIVEN STRING\DEBUG\GREATEST NUMBER IN GIVEN STRING.EXE
C:\USERS\BHARGAV\DOCUMENTS\VISUAL STUDIO 2012\PROJECTS\MRND-30.09.15\GREATEST NUMBER IN GIVEN STRING\DEBUG\GREATEST NUMBER IN GIVEN STRING.PDB
C:\Users\Bhargav\Documents\Visual Studio 2012\Projects\MRND-30.09.15\Greatest Number in given string\Greatest Number in given string\Debug\method1.obj
C:\Users\Bhargav\Documents\Visual Studio 2012\Projects\MRND-30.09.15\Greatest Number in given string\Greatest Number in given string\Debug\method2.obj
C:\Users\Bhargav\Documents\Visual Studio 2012\Projects\MRND-30.09.15\Greatest Number in given string\Greatest Number in given string\Debug\Source.obj
C:\Users\Bhargav\Documents\Visual Studio 2012\Projects\MRND-30.09.15\Greatest Number in given string\Greatest Number in given string\Debug\cl.command.1.tlog
C:\Users\Bhargav\Documents\Visual Studio 2012\Projects\MRND-30.09.15\Greatest Number in given string\Greatest Number in given string\Debug\CL.read.1.tlog
C:\Users\Bhargav\Documents\Visual Studio 2012\Projects\MRND-30.09.15\Greatest Number in given string\Greatest Number in given string\Debug\CL.write.1.tlog
C:\Users\Bhargav\Documents\Visual Studio 2012\Projects\MRND-30.09.15\Greatest Number in given string\Greatest Number in given string\Debug\link-cvtres.read.1.tlog
C:\Users\Bhargav\Documents\Visual Studio 2012\Projects\MRND-30.09.15\Greatest Number in given string\Greatest Number in given string\Debug\link-cvtres.write.1.tlog
C:\Users\Bhargav\Documents\Visual Studio 2012\Projects\MRND-30.09.15\Greatest Number in given string\Greatest Number in given string\Debug\link-rc.read.1.tlog
C:\Users\Bhargav\Documents\Visual Studio 2012\Projects\MRND-30.09.15\Greatest Number in given string\Greatest Number in given string\Debug\link-rc.write.1.tlog
C:\Users\Bhargav\Documents\Visual Studio 2012\Projects\MRND-30.09.15\Greatest Number in given string\Greatest Number in given string\Debug\link.command.1.tlog
C:\Users\Bhargav\Documents\Visual Studio 2012\Projects\MRND-30.09.15\Greatest Number in given string\Greatest Number in given string\Debug\link.read.1.tlog
C:\Users\Bhargav\Documents\Visual Studio 2012\Projects\MRND-30.09.15\Greatest Number in given string\Greatest Number in given string\Debug\link.write.1.tlog
C:\Users\Bhargav\Documents\Visual Studio 2012\Projects\MRND-30.09.15\Greatest Number in given string\Greatest Number in given string\Debug\vc110.idb
C:\Users\Bhargav\Documents\Visual Studio 2012\Projects\MRND-30.09.15\Greatest Number in given string\Greatest Number in given string\Debug\vc110.pdb
C:\Users\Bhargav\Documents\Visual Studio 2012\Projects\MRND-30.09.15\Greatest Number in given string\Debug\Greatest Number in given string.pdb
C:\Users\Bhargav\Documents\Visual Studio 2012\Projects\MRND-30.09.15\Greatest Number in given string\Debug\Greatest Number in given string.exe
C:\Users\Bhargav\Documents\Visual Studio 2012\Projects\MRND-30.09.15\Greatest Number in given string\Debug\Greatest Number in given string.ilk
