c:\users\bhargav\documents\visual studio 2012\projects\mrnd-08.09.15\permutation v0.1\permutation v0.1\debug\source.obj
c:\users\bhargav\documents\visual studio 2012\projects\mrnd-08.09.15\permutation v0.1\permutation v0.1\debug\vc110.pdb
c:\users\bhargav\documents\visual studio 2012\projects\mrnd-08.09.15\permutation v0.1\debug\permutation v0.1.ilk
c:\users\bhargav\documents\visual studio 2012\projects\mrnd-08.09.15\permutation v0.1\debug\permutation v0.1.exe
c:\users\bhargav\documents\visual studio 2012\projects\mrnd-08.09.15\permutation v0.1\debug\permutation v0.1.pdb
c:\users\bhargav\documents\visual studio 2012\projects\mission r&d submissions\class 3 - 08.09.2015\permutation v0.1\permutation v0.1\debug\source.obj
c:\users\bhargav\documents\visual studio 2012\projects\mission r&d submissions\class 3 - 08.09.2015\permutation v0.1\permutation v0.1\debug\cl.command.1.tlog
c:\users\bhargav\documents\visual studio 2012\projects\mission r&d submissions\class 3 - 08.09.2015\permutation v0.1\permutation v0.1\debug\cl.read.1.tlog
c:\users\bhargav\documents\visual studio 2012\projects\mission r&d submissions\class 3 - 08.09.2015\permutation v0.1\permutation v0.1\debug\cl.write.1.tlog
c:\users\bhargav\documents\visual studio 2012\projects\mission r&d submissions\class 3 - 08.09.2015\permutation v0.1\permutation v0.1\debug\link-cvtres.read.1.tlog
c:\users\bhargav\documents\visual studio 2012\projects\mission r&d submissions\class 3 - 08.09.2015\permutation v0.1\permutation v0.1\debug\link-cvtres.write.1.tlog
c:\users\bhargav\documents\visual studio 2012\projects\mission r&d submissions\class 3 - 08.09.2015\permutation v0.1\permutation v0.1\debug\link-rc.read.1.tlog
c:\users\bhargav\documents\visual studio 2012\projects\mission r&d submissions\class 3 - 08.09.2015\permutation v0.1\permutation v0.1\debug\link-rc.write.1.tlog
c:\users\bhargav\documents\visual studio 2012\projects\mission r&d submissions\class 3 - 08.09.2015\permutation v0.1\permutation v0.1\debug\link.4792-cvtres.read.1.tlog
c:\users\bhargav\documents\visual studio 2012\projects\mission r&d submissions\class 3 - 08.09.2015\permutation v0.1\permutation v0.1\debug\link.4792-cvtres.write.1.tlog
c:\users\bhargav\documents\visual studio 2012\projects\mission r&d submissions\class 3 - 08.09.2015\permutation v0.1\permutation v0.1\debug\link.4792-rc.read.1.tlog
c:\users\bhargav\documents\visual studio 2012\projects\mission r&d submissions\class 3 - 08.09.2015\permutation v0.1\permutation v0.1\debug\link.4792-rc.write.1.tlog
c:\users\bhargav\documents\visual studio 2012\projects\mission r&d submissions\class 3 - 08.09.2015\permutation v0.1\permutation v0.1\debug\link.4792.read.1.tlog
c:\users\bhargav\documents\visual studio 2012\projects\mission r&d submissions\class 3 - 08.09.2015\permutation v0.1\permutation v0.1\debug\link.4792.write.1.tlog
c:\users\bhargav\documents\visual studio 2012\projects\mission r&d submissions\class 3 - 08.09.2015\permutation v0.1\permutation v0.1\debug\link.command.1.tlog
c:\users\bhargav\documents\visual studio 2012\projects\mission r&d submissions\class 3 - 08.09.2015\permutation v0.1\permutation v0.1\debug\link.read.1.tlog
c:\users\bhargav\documents\visual studio 2012\projects\mission r&d submissions\class 3 - 08.09.2015\permutation v0.1\permutation v0.1\debug\link.write.1.tlog
c:\users\bhargav\documents\visual studio 2012\projects\mission r&d submissions\class 3 - 08.09.2015\permutation v0.1\permutation v0.1\debug\vc110.idb
c:\users\bhargav\documents\visual studio 2012\projects\mission r&d submissions\class 3 - 08.09.2015\permutation v0.1\permutation v0.1\debug\vc110.pdb
c:\users\bhargav\documents\visual studio 2012\projects\mission r&d submissions\class 3 - 08.09.2015\permutation v0.1\debug\permutation v0.1.pdb
c:\users\bhargav\documents\visual studio 2012\projects\mission r&d submissions\class 3 - 08.09.2015\permutation v0.1\debug\permutation v0.1.exe
c:\users\bhargav\documents\visual studio 2012\projects\mission r&d submissions\class 3 - 08.09.2015\permutation v0.1\debug\permutation v0.1.ilk
