C:\USERS\BHARGAV\DOCUMENTS\VISUAL STUDIO 2012\PROJECTS\MRND-30.09.15\ADDITION OF TWO BINARY NUMBERS\ADDITION OF TWO BINARY NUMBERS\DEBUG\VC110.PDB
C:\USERS\BHARGAV\DOCUMENTS\VISUAL STUDIO 2012\PROJECTS\MRND-30.09.15\ADDITION OF TWO BINARY NUMBERS\ADDITION OF TWO BINARY NUMBERS\DEBUG\METHOD1.OBJ
C:\USERS\BHARGAV\DOCUMENTS\VISUAL STUDIO 2012\PROJECTS\MRND-30.09.15\ADDITION OF TWO BINARY NUMBERS\DEBUG\ADDITION OF TWO BINARY NUMBERS.ILK
C:\USERS\BHARGAV\DOCUMENTS\VISUAL STUDIO 2012\PROJECTS\MRND-30.09.15\ADDITION OF TWO BINARY NUMBERS\DEBUG\ADDITION OF TWO BINARY NUMBERS.EXE
C:\USERS\BHARGAV\DOCUMENTS\VISUAL STUDIO 2012\PROJECTS\MRND-30.09.15\ADDITION OF TWO BINARY NUMBERS\DEBUG\ADDITION OF TWO BINARY NUMBERS.PDB
C:\Users\Bhargav\Documents\Visual Studio 2012\Projects\MRND-30.09.15\Addition of Two Binary Numbers\Addition of Two Binary Numbers\Debug\method1.obj
C:\Users\Bhargav\Documents\Visual Studio 2012\Projects\MRND-30.09.15\Addition of Two Binary Numbers\Addition of Two Binary Numbers\Debug\cl.command.1.tlog
C:\Users\Bhargav\Documents\Visual Studio 2012\Projects\MRND-30.09.15\Addition of Two Binary Numbers\Addition of Two Binary Numbers\Debug\CL.read.1.tlog
C:\Users\Bhargav\Documents\Visual Studio 2012\Projects\MRND-30.09.15\Addition of Two Binary Numbers\Addition of Two Binary Numbers\Debug\CL.write.1.tlog
C:\Users\Bhargav\Documents\Visual Studio 2012\Projects\MRND-30.09.15\Addition of Two Binary Numbers\Addition of Two Binary Numbers\Debug\link-cvtres.read.1.tlog
C:\Users\Bhargav\Documents\Visual Studio 2012\Projects\MRND-30.09.15\Addition of Two Binary Numbers\Addition of Two Binary Numbers\Debug\link-cvtres.write.1.tlog
C:\Users\Bhargav\Documents\Visual Studio 2012\Projects\MRND-30.09.15\Addition of Two Binary Numbers\Addition of Two Binary Numbers\Debug\link-rc.read.1.tlog
C:\Users\Bhargav\Documents\Visual Studio 2012\Projects\MRND-30.09.15\Addition of Two Binary Numbers\Addition of Two Binary Numbers\Debug\link-rc.write.1.tlog
C:\Users\Bhargav\Documents\Visual Studio 2012\Projects\MRND-30.09.15\Addition of Two Binary Numbers\Addition of Two Binary Numbers\Debug\link.command.1.tlog
C:\Users\Bhargav\Documents\Visual Studio 2012\Projects\MRND-30.09.15\Addition of Two Binary Numbers\Addition of Two Binary Numbers\Debug\link.read.1.tlog
C:\Users\Bhargav\Documents\Visual Studio 2012\Projects\MRND-30.09.15\Addition of Two Binary Numbers\Addition of Two Binary Numbers\Debug\link.write.1.tlog
C:\Users\Bhargav\Documents\Visual Studio 2012\Projects\MRND-30.09.15\Addition of Two Binary Numbers\Addition of Two Binary Numbers\Debug\vc110.idb
C:\Users\Bhargav\Documents\Visual Studio 2012\Projects\MRND-30.09.15\Addition of Two Binary Numbers\Addition of Two Binary Numbers\Debug\vc110.pdb
C:\Users\Bhargav\Documents\Visual Studio 2012\Projects\MRND-30.09.15\Addition of Two Binary Numbers\Debug\Addition of Two Binary Numbers.pdb
C:\Users\Bhargav\Documents\Visual Studio 2012\Projects\MRND-30.09.15\Addition of Two Binary Numbers\Debug\Addition of Two Binary Numbers.exe
C:\Users\Bhargav\Documents\Visual Studio 2012\Projects\MRND-30.09.15\Addition of Two Binary Numbers\Debug\Addition of Two Binary Numbers.ilk
